\BOOKMARK [1][-]{section*.5}{Introduction}{}% 1
\BOOKMARK [1][-]{section*.6}{Progress}{}% 2
\BOOKMARK [2][-]{section*.7}{2017/03/30: Interview and Setup}{section*.6}% 3
\BOOKMARK [2][-]{section*.8}{2017/04/04: Decide on project}{section*.6}% 4
\BOOKMARK [2][-]{section*.9}{2017/04/11: Basic construction of model}{section*.6}% 5
\BOOKMARK [3][-]{section*.14}{Static stress analysis}{section*.9}% 6
\BOOKMARK [3][-]{section*.16}{Natural frequency analysis}{section*.9}% 7
\BOOKMARK [3][-]{section*.20}{Drop test analysis with rigid impact}{section*.9}% 8
\BOOKMARK [3][-]{section*.23}{Drop test analysis with flexible impact}{section*.9}% 9
\BOOKMARK [3][-]{section*.26}{Drop test analysis with damping effect}{section*.9}% 10
\BOOKMARK [2][-]{section*.29}{2017/04/18: Frequency Propagation of double bone model}{section*.6}% 11
\BOOKMARK [3][-]{section*.30}{Linear dynamic modeling of frequency propagation}{section*.29}% 12
\BOOKMARK [3][-]{section*.31}{FEA with ANSYS}{section*.29}% 13
\BOOKMARK [3][-]{section*.32}{Cogitation about the propagation process}{section*.29}% 14
\BOOKMARK [3][-]{section*.33}{Initial formulation of the frequency analysis}{section*.29}% 15
\BOOKMARK [2][-]{section*.34}{2017/04/23: Experiment and measurements}{section*.6}% 16
\BOOKMARK [3][-]{section*.35}{How to measure the modulus of elasticity}{section*.34}% 17
\BOOKMARK [3][-]{section*.37}{Frequency sweep experiment via raspberry pi}{section*.34}% 18
\BOOKMARK [3][-]{section*.40}{Frequency analysis of measured data}{section*.34}% 19
\BOOKMARK [1][-]{section*.61}{Codes}{}% 20
\BOOKMARK [2][-]{section*.62}{Original: csv2mat\137baihan.sh}{section*.61}% 21
\BOOKMARK [2][-]{section*.63}{Original: analysis\137baihan.sh}{section*.61}% 22
\BOOKMARK [2][-]{section*.64}{Original: apr21\137analysis\137baihan.m}{section*.61}% 23
\BOOKMARK [2][-]{section*.65}{Referenced: daisychain\137baihan.py}{section*.61}% 24
\BOOKMARK [1][-]{section*.66}{Acknowledgments}{}% 25
